<?xml version="1.0" encoding="UTF-8"?>
<coverage generated="1711576725618" clover="3.2.0">
  <project timestamp="1711576725619" name="All files">
    <metrics statements="2" coveredstatements="2" conditionals="1" coveredconditionals="1" methods="1" coveredmethods="1" elements="4" coveredelements="4" complexity="0" loc="2" ncloc="2" packages="1" files="1" classes="1"/>
    <file name="HeaderDivider.jsx" path="C:\Users\j.gomezayala\Documents\webui-developer\react-bootcamp\react-contact-list\src\components\HeaderDivider.jsx">
      <metrics statements="2" coveredstatements="2" conditionals="1" coveredconditionals="1" methods="1" coveredmethods="1"/>
      <line num="6" count="2" type="stmt"/>
      <line num="14" count="1" type="stmt"/>
    </file>
  </project>
</coverage>
