{"C:\\Users\\j.gomezayala\\Documents\\webui-developer\\react-bootcamp\\react-contact-list\\src\\components\\HeaderDivider.jsx": {"path":"C:\\Users\\j.gomezayala\\Documents\\webui-developer\\react-bootcamp\\react-contact-list\\src\\components\\HeaderDivider.jsx","statementMap":{"0":{"start":{"line":6,"column":4},"end":{"line":11,"column":5}},"1":{"start":{"line":14,"column":0},"end":{"line":16,"column":1}}},"fnMap":{"0":{"name":"HeaderDivider","decl":{"start":{"line":5,"column":24},"end":{"line":5,"column":37}},"loc":{"start":{"line":5,"column":62},"end":{"line":12,"column":1}},"line":5}},"branchMap":{"0":{"loc":{"start":{"line":5,"column":39},"end":{"line":5,"column":59}},"type":"default-arg","locations":[{"start":{"line":5,"column":47},"end":{"line":5,"column":59}}],"line":5}},"s":{"0":2,"1":1},"f":{"0":2},"b":{"0":[1]},"_coverageSchema":"1a1c01bbd47fc00a2c39e90264f33305004495a9","hash":"5c92236e371d0953adb4f3df7881e7894b32c82b"}
}
